\BOOKMARK [0][-]{chapter*.2}{\376\377\000I\000n\000t\000r\000o\000d\000u\000z\000i\000o\000n\000e}{}% 1
\BOOKMARK [0][-]{chapter.1}{\376\377\000R\000i\000c\000h\000i\000a\000m\000i\000\040\000e\000d\000\040\000a\000p\000p\000r\000o\000f\000o\000n\000d\000i\000m\000e\000n\000t\000i\000\040\000s\000u\000i\000\040\000s\000i\000s\000t\000e\000m\000i\000\040\000d\000i\000\040\000e\000l\000a\000b\000o\000r\000a\000z\000i\000o\000n\000e}{}% 2
\BOOKMARK [1][-]{section.1.1}{\376\377\000R\000i\000c\000h\000i\000a\000m\000i\000\040\000d\000i\000\040\000c\000a\000l\000c\000o\000l\000a\000t\000o\000r\000i\000\040\000e\000l\000e\000t\000t\000r\000o\000n\000i\000c\000i}{chapter.1}% 3
\BOOKMARK [2][-]{subsection.1.1.1}{\376\377\000A\000r\000c\000h\000i\000t\000e\000t\000t\000u\000r\000a\000\040\000g\000e\000n\000e\000r\000a\000l\000e}{section.1.1}% 4
\BOOKMARK [2][-]{subsection.1.1.2}{\376\377\000I\000s\000t\000r\000u\000z\000i\000o\000n\000i}{section.1.1}% 5
\BOOKMARK [1][-]{section.1.2}{\376\377\000M\000o\000t\000o\000r\000o\000l\000a\000\040\0006\0008\000k}{chapter.1}% 6
\BOOKMARK [2][-]{subsection.1.2.1}{\376\377\000R\000e\000g\000i\000s\000t\000r\000i\000\040\000G\000e\000n\000e\000r\000a\000l\000\040\000P\000u\000r\000p\000o\000s\000e}{section.1.2}% 7
\BOOKMARK [2][-]{subsection.1.2.2}{\376\377\000C\000o\000d\000i\000c\000i\000\040\000d\000i\000\040\000S\000p\000o\000s\000t\000a\000m\000e\000n\000t\000o\000\040\000d\000a\000t\000i\000\040\000o\000\040\000i\000n\000d\000i\000r\000i\000z\000z\000i}{section.1.2}% 8
\BOOKMARK [2][-]{subsection.1.2.3}{\376\377\000C\000o\000d\000i\000c\000i\000\040\000A\000r\000i\000t\000m\000e\000t\000i\000c\000i}{section.1.2}% 9
\BOOKMARK [2][-]{subsection.1.2.4}{\376\377\000C\000o\000d\000i\000c\000i\000\040\000d\000i\000\040\000s\000a\000l\000t\000o}{section.1.2}% 10
\BOOKMARK [2][-]{subsection.1.2.5}{\376\377\000C\000o\000d\000i\000c\000i\000\040\000L\000o\000g\000i\000c\000i}{section.1.2}% 11
\BOOKMARK [2][-]{subsection.1.2.6}{\376\377\000C\000o\000d\000i\000c\000i\000\040\000d\000i\000\040\000S\000c\000o\000r\000r\000i\000m\000e\000n\000t\000o}{section.1.2}% 12
\BOOKMARK [2][-]{subsection.1.2.7}{\376\377\000C\000o\000d\000i\000c\000i\000\040\000d\000i\000\040\000C\000o\000n\000f\000r\000o\000n\000t\000o}{section.1.2}% 13
\BOOKMARK [2][-]{subsection.1.2.8}{\376\377\000S\000t\000r\000u\000t\000t\000u\000r\000e\000\040\000s\000i\000n\000t\000a\000t\000t\000i\000c\000h\000e\000\040\000f\000o\000n\000d\000a\000m\000e\000n\000t\000a\000l\000i}{section.1.2}% 14
\BOOKMARK [2][-]{subsection.1.2.9}{\376\377\000V\000a\000l\000u\000t\000a\000z\000i\000o\000n\000e\000\040\000d\000e\000g\000l\000i\000\040\000a\000c\000c\000e\000s\000s\000i\000\040\000i\000n\000\040\000m\000e\000m\000o\000r\000i\000a}{section.1.2}% 15
\BOOKMARK [0][-]{chapter.2}{\376\377\000G\000e\000s\000t\000i\000o\000n\000e\000\040\000d\000e\000i\000\040\000d\000i\000s\000p\000o\000s\000i\000t\000i\000v\000i\000\040\000d\000i\000\040\000I\000O}{}% 16
\BOOKMARK [1][-]{section.2.1}{\376\377\000A\000r\000c\000h\000i\000t\000e\000t\000t\000u\000r\000a\000\040\000g\000e\000n\000e\000r\000a\000l\000e\000\040\000d\000i\000\040\000u\000n\000\040\000d\000i\000s\000p\000o\000s\000i\000t\000i\000v\000o\000\040\000d\000i\000\040\000I\000/\000O}{chapter.2}% 17
\BOOKMARK [2][-]{subsection.2.1.1}{\376\377\000M\000o\000d\000a\000l\000i\000t\000\340\000\040\000d\000i\000\040\000c\000o\000m\000u\000n\000i\000c\000a\000z\000i\000o\000n\000e}{section.2.1}% 18
\BOOKMARK [2][-]{subsection.2.1.2}{\376\377\000I\000n\000t\000e\000r\000f\000a\000c\000c\000i\000a\000m\000e\000n\000t\000o\000\040\000C\000P\000U\000\040\000e\000\040\000p\000e\000r\000i\000f\000e\000r\000i\000c\000a}{section.2.1}% 19
\BOOKMARK [2][-]{subsection.2.1.3}{\376\377\000B\000u\000s}{section.2.1}% 20
\BOOKMARK [2][-]{subsection.2.1.4}{\376\377\000D\000r\000i\000v\000e\000r}{section.2.1}% 21
\BOOKMARK [2][-]{subsection.2.1.5}{\376\377\000P\000I\000A}{section.2.1}% 22
\BOOKMARK [2][-]{subsection.2.1.6}{\376\377\000I\000n\000t\000e\000r\000r\000u\000z\000i\000o\000n\000i}{section.2.1}% 23
\BOOKMARK [2][-]{subsection.2.1.7}{\376\377\000E\000s\000t\000e\000n\000s\000i\000o\000n\000e\000\040\000d\000e\000l\000\040\000m\000o\000d\000e\000l\000l\000o\000\040\000I\000O\000\040\000g\000e\000n\000e\000r\000a\000l\000e}{section.2.1}% 24
\BOOKMARK [1][-]{section.2.2}{\376\377\000D\000M\000A\000\040\000\050\000D\000i\000r\000e\000c\000t\000\040\000M\000e\000m\000o\000r\000y\000\040\000A\000c\000c\000e\000s\000s\000\051}{chapter.2}% 25
\BOOKMARK [2][-]{subsection.2.2.1}{\376\377\000U\000t\000i\000l\000i\000z\000z\000o\000\040\000e\000f\000f\000e\000t\000t\000i\000v\000o\000\040\000i\000n\000\040\000A\000S\000I\000M}{section.2.2}% 26
\BOOKMARK [2][-]{subsection.2.2.2}{\376\377\000I\000m\000p\000l\000e\000m\000e\000n\000t\000a\000z\000i\000o\000n\000e\000\040\000i\000n\000\040\000M\000o\000t\000o\000r\000o\000l\000a\000\040\0006\0008\000k}{section.2.2}% 27
\BOOKMARK [1][-]{section.2.3}{\376\377\000U\000S\000A\000R\000T}{chapter.2}% 28
\BOOKMARK [2][-]{subsection.2.3.1}{\376\377\000C\000o\000m\000u\000n\000i\000c\000a\000z\000i\000o\000n\000i\000\040\000S\000i\000n\000c\000r\000o\000n\000a\000\040\000e\000d\000\040\000A\000s\000i\000n\000c\000r\000o\000n\000a}{section.2.3}% 29
\BOOKMARK [2][-]{subsection.2.3.2}{\376\377\000I\000n\000t\000e\000l\000\040\0008\0002\0005\0001\000A}{section.2.3}% 30
\BOOKMARK [2][-]{subsection.2.3.3}{\376\377\000U\000S\000A\000R\000T\000\040\000i\000n\000\040\000A\000S\000I\000M}{section.2.3}% 31
\BOOKMARK [0][-]{chapter.3}{\376\377\000A\000r\000c\000h\000i\000t\000e\000t\000t\000u\000r\000a\000\040\000d\000e\000i\000\040\000p\000r\000o\000c\000e\000s\000s\000o\000r\000i}{}% 32
\BOOKMARK [1][-]{section.3.1}{\376\377\000G\000e\000n\000e\000r\000a\000l\000i\000t\000\340\000\040\000s\000u\000l\000\040\000p\000r\000o\000c\000e\000s\000s\000o\000r\000e}{chapter.3}% 33
\BOOKMARK [1][-]{section.3.2}{\376\377\000A\000r\000c\000h\000i\000t\000e\000t\000t\000u\000r\000a\000\040\000d\000e\000i\000\040\000P\000r\000o\000c\000e\000s\000s\000o\000r\000i\000\040\000m\000o\000d\000e\000r\000n\000i}{chapter.3}% 34
\BOOKMARK [2][-]{subsection.3.2.1}{\376\377\000M\000u\000l\000t\000i\000-\000C\000o\000m\000p\000u\000t\000e\000r\000\040\000e\000\040\000M\000u\000l\000t\000i\000-\000P\000r\000o\000c\000e\000s\000s\000o\000r\000e}{section.3.2}% 35
\BOOKMARK [2][-]{subsection.3.2.2}{\376\377\000S\000p\000e\000e\000d\000\040\000U\000p}{section.3.2}% 36
\BOOKMARK [2][-]{subsection.3.2.3}{\376\377\000C\000o\000e\000r\000e\000n\000z\000a\000\040\000d\000e\000l\000l\000a\000\040\000m\000e\000m\000o\000r\000i\000a\000\040\000c\000a\000c\000h\000e\000\040\000n\000e\000l\000l\000e\000\040\000a\000r\000c\000h\000i\000t\000e\000t\000t\000u\000r\000e\000\040\000p\000a\000r\000a\000l\000l\000e\000l\000e}{section.3.2}% 37
\BOOKMARK [1][-]{section.3.3}{\376\377\000T\000o\000p\000o\000l\000o\000g\000i\000a\000\040\000d\000i\000\040\000i\000n\000t\000e\000r\000c\000o\000n\000n\000e\000s\000s\000i\000o\000n\000e}{chapter.3}% 38
\BOOKMARK [1][-]{section.3.4}{\376\377\000S\000i\000s\000t\000e\000m\000a\000\040\000P\000i\000p\000e\000l\000i\000n\000e}{chapter.3}% 39
\BOOKMARK [2][-]{subsection.3.4.1}{\376\377\000M\000o\000d\000e\000l\000l\000i\000\040\000d\000i\000\040\000s\000i\000s\000t\000e\000m\000i\000\040\000p\000i\000p\000e\000l\000i\000n\000e}{section.3.4}% 40
\BOOKMARK [2][-]{subsection.3.4.2}{\376\377\000R\000e\000g\000i\000s\000t\000r\000i\000\040\000I\000n\000t\000e\000r\000m\000e\000d\000i}{section.3.4}% 41
\BOOKMARK [2][-]{subsection.3.4.3}{\376\377\000G\000e\000s\000t\000i\000o\000n\000e\000\040\000d\000e\000i\000\040\000S\000a\000l\000t\000i}{section.3.4}% 42
\BOOKMARK [2][-]{subsection.3.4.4}{\376\377\000G\000e\000s\000t\000i\000o\000n\000e\000\040\000d\000e\000i\000\040\000c\000o\000n\000f\000l\000i\000t\000t\000i\000\040\000s\000u\000i\000\040\000d\000a\000t\000i}{section.3.4}% 43
\BOOKMARK [2][-]{subsection.3.4.5}{\376\377\000G\000e\000s\000t\000i\000o\000n\000e\000\040\000d\000e\000l\000l\000e\000\040\000i\000n\000t\000e\000r\000r\000u\000z\000i\000o\000n\000i}{section.3.4}% 44
\BOOKMARK [1][-]{section.3.5}{\376\377\000A\000r\000c\000h\000i\000t\000e\000t\000t\000u\000r\000e\000\040\000S\000u\000p\000e\000r\000s\000c\000a\000l\000a\000r\000i}{chapter.3}% 45
\BOOKMARK [2][-]{subsection.3.5.1}{\376\377\000G\000e\000s\000t\000i\000o\000n\000e\000\040\000d\000e\000l\000l\000e\000\040\000C\000o\000l\000l\000i\000s\000i\000o\000n\000i}{section.3.5}% 46
\BOOKMARK [0][-]{chapter.4}{\376\377\000M\000e\000m\000o\000r\000i\000a}{}% 47
\BOOKMARK [1][-]{section.4.1}{\376\377\000M\000e\000m\000o\000r\000i\000a\000\040\000c\000a\000c\000h\000e}{chapter.4}% 48
\BOOKMARK [2][-]{subsection.4.1.1}{\376\377\000P\000o\000l\000i\000t\000i\000c\000h\000e\000\040\000d\000i\000\040\000S\000o\000s\000t\000i\000t\000u\000z\000i\000o\000n\000e}{section.4.1}% 49
\BOOKMARK [2][-]{subsection.4.1.2}{\376\377\000G\000e\000s\000t\000i\000o\000n\000e\000\040\000d\000e\000l\000l\000'\000a\000l\000l\000i\000n\000e\000a\000m\000e\000n\000t\000o}{section.4.1}% 50
\BOOKMARK [2][-]{subsection.4.1.3}{\376\377\000S\000e\000t\000\040\000A\000s\000s\000o\000c\000i\000a\000t\000i\000v\000e}{section.4.1}% 51
\BOOKMARK [2][-]{subsection.4.1.4}{\376\377\000D\000i\000m\000e\000n\000s\000i\000o\000n\000a\000m\000e\000n\000t\000o}{section.4.1}% 52
\BOOKMARK [1][-]{section.4.2}{\376\377\000M\000e\000m\000o\000r\000i\000a\000\040\000V\000i\000r\000t\000u\000a\000l\000e}{chapter.4}% 53
\BOOKMARK [2][-]{subsection.4.2.1}{\376\377\000T\000r\000a\000d\000u\000z\000i\000o\000n\000e\000\040\000d\000e\000g\000l\000i\000\040\000i\000n\000d\000i\000r\000i\000z\000z\000i}{section.4.2}% 54
\BOOKMARK [2][-]{subsection.4.2.2}{\376\377\000C\000a\000c\000h\000e\000\040\000e\000\040\000M\000e\000m\000o\000r\000i\000a\000\040\000V\000i\000r\000t\000u\000a\000l\000e}{section.4.2}% 55
\BOOKMARK [1][-]{section.4.3}{\376\377\000S\000t\000r\000u\000t\000t\000u\000r\000a\000\040\000d\000e\000l\000l\000e\000\040\000m\000e\000m\000o\000r\000i\000e}{chapter.4}% 56
\BOOKMARK [2][-]{subsection.4.3.1}{\376\377\000M\000e\000m\000o\000r\000i\000e\000\040\000D\000i\000n\000a\000m\000i\000c\000h\000e}{section.4.3}% 57
\BOOKMARK [2][-]{subsection.4.3.2}{\376\377\000M\000e\000m\000o\000r\000i\000e\000\040\000S\000t\000a\000t\000i\000c\000h\000e}{section.4.3}% 58
\BOOKMARK [0][-]{chapter.5}{\376\377\000P\000r\000o\000c\000e\000s\000s\000o\000r\000e\000\040\000M\000I\000P\000S}{}% 59
\BOOKMARK [1][-]{section.5.1}{\376\377\000A\000r\000c\000h\000i\000t\000e\000t\000t\000u\000r\000a\000\040\000M\000I\000P\000S}{chapter.5}% 60
\BOOKMARK [1][-]{section.5.2}{\376\377\000G\000e\000s\000t\000i\000o\000n\000e\000\040\000d\000e\000l\000l\000e\000\040\000i\000n\000t\000e\000r\000r\000u\000z\000i\000o\000n\000i}{chapter.5}% 61
\BOOKMARK [1][-]{section.5.3}{\376\377\000P\000i\000p\000e\000l\000i\000n\000e\000\040\000n\000e\000l\000\040\000M\000I\000P\000S}{chapter.5}% 62
\BOOKMARK [2][-]{subsection.5.3.1}{\376\377\000I\000p\000o\000t\000e\000s\000i\000\040\000d\000i\000\040\000f\000u\000n\000z\000i\000o\000n\000a\000m\000e\000n\000t\000o}{section.5.3}% 63
\BOOKMARK [2][-]{subsection.5.3.2}{\376\377\000I\000s\000t\000r\000u\000c\000t\000i\000o\000n\000\040\000M\000e\000m\000o\000r\000y}{section.5.3}% 64
\BOOKMARK [2][-]{subsection.5.3.3}{\376\377\000R\000e\000g\000i\000s\000t\000e\000r\000\040\000F\000i\000l\000e\000\040\000\050\000I\000D\000\051}{section.5.3}% 65
\BOOKMARK [2][-]{subsection.5.3.4}{\376\377\000A\000L\000U}{section.5.3}% 66
\BOOKMARK [2][-]{subsection.5.3.5}{\376\377\000D\000a\000t\000a\000\040\000M\000e\000m\000o\000r\000y}{section.5.3}% 67
\BOOKMARK [2][-]{subsection.5.3.6}{\376\377\000R\000e\000g\000i\000s\000t\000e\000r\000\040\000F\000i\000l\000e\000\040\000\050\000W\000B\000\051}{section.5.3}% 68
\BOOKMARK [1][-]{section.5.4}{\376\377\000G\000e\000s\000t\000i\000o\000n\000e\000\040\000d\000e\000i\000\040\000s\000a\000l\000t\000i}{chapter.5}% 69
\BOOKMARK [0][-]{chapter.6}{\376\377\000P\000r\000o\000c\000e\000s\000s\000o\000r\000i\000\040\000A\000R\000M}{}% 70
\BOOKMARK [1][-]{section.6.1}{\376\377\000A\000r\000c\000h\000i\000t\000e\000t\000t\000u\000r\000a\000\040\000A\000R\000M}{chapter.6}% 71
\BOOKMARK [2][-]{subsection.6.1.1}{\376\377\000M\000o\000d\000e\000l\000l\000o\000\040\000d\000i\000\040\000p\000r\000o\000g\000r\000a\000m\000m\000a\000z\000i\000o\000n\000e}{section.6.1}% 72
\BOOKMARK [2][-]{subsection.6.1.2}{\376\377\000G\000e\000s\000t\000i\000o\000n\000e\000\040\000d\000e\000l\000l\000e\000\040\000E\000c\000c\000e\000z\000i\000o\000n\000i}{section.6.1}% 73
\BOOKMARK [2][-]{subsection.6.1.3}{\376\377\000D\000i\000f\000f\000e\000r\000e\000n\000z\000e\000\040\000p\000r\000i\000n\000c\000i\000p\000a\000l\000i\000\040\000t\000r\000a\000\040\000a\000r\000c\000h\000i\000t\000e\000t\000t\000u\000r\000e}{section.6.1}% 74
\BOOKMARK [1][-]{section.6.2}{\376\377\000S\000T\000M\0003\0002\000F\0004}{chapter.6}% 75
\BOOKMARK [2][-]{subsection.6.2.1}{\376\377\000C\000u\000b\000e\000I\000D\000E}{section.6.2}% 76
\BOOKMARK [2][-]{subsection.6.2.2}{\376\377\000G\000e\000s\000t\000i\000o\000n\000e\000\040\000m\000u\000t\000u\000a\000\040\000e\000s\000c\000l\000u\000s\000i\000o\000n\000e}{section.6.2}% 77
\BOOKMARK [2][-]{subsection.6.2.3}{\376\377\000D\000M\000A}{section.6.2}% 78
\BOOKMARK [1][-]{section.6.3}{\376\377\000B\000U\000S\000\040\000e\000\040\000p\000r\000o\000t\000o\000c\000o\000l\000l\000i}{chapter.6}% 79
\BOOKMARK [2][-]{subsection.6.3.1}{\376\377\000I\0002\000C}{section.6.3}% 80
\BOOKMARK [0][-]{chapter.7}{\376\377\000R\000I\000S\000C\000-\000V}{}% 81
\BOOKMARK [1][-]{section.7.1}{\376\377\000A\000B\000I\000\040\000e\000\040\000I\000s\000t\000r\000u\000z\000i\000o\000n\000i}{chapter.7}% 82
\BOOKMARK [2][-]{subsection.7.1.1}{\376\377\000J\000u\000m\000p\000\040\000a\000n\000d\000\040\000L\000i\000n\000k\000\040\000e\000\040\000J\000u\000m\000p\000\040\000a\000n\000d\000\040\000L\000i\000n\000k\000\040\000R\000e\000g\000i\000s\000t\000e\000r}{section.7.1}% 83
\BOOKMARK [2][-]{subsection.7.1.2}{\376\377\000C\000h\000e\000a\000t\000s\000h\000e\000e\000t}{section.7.1}% 84
\BOOKMARK [1][-]{section.7.2}{\376\377\000L\000i\000v\000e\000l\000l\000i\000\040\000d\000i\000\040\000p\000r\000i\000v\000i\000l\000e\000g\000i\000o\000\040\000e\000\040\000I\000n\000t\000e\000r\000r\000u\000z\000i\000o\000n\000i}{chapter.7}% 85
\BOOKMARK [1][-]{section.7.3}{\376\377\000E\000s\000t\000e\000n\000s\000i\000o\000n\000i}{chapter.7}% 86
\BOOKMARK [1][-]{section.7.4}{\376\377\000P\000s\000e\000u\000d\000o\000-\000i\000s\000t\000r\000u\000z\000i\000o\000n\000i}{chapter.7}% 87
\BOOKMARK [1][-]{section.7.5}{\376\377\000C\000a\000l\000l\000i\000n\000g\000\040\000c\000o\000n\000v\000e\000n\000t\000i\000o\000n}{chapter.7}% 88
\BOOKMARK [2][-]{subsection.7.5.1}{\376\377\000S\000t\000a\000c\000k}{section.7.5}% 89
\BOOKMARK [1][-]{section.7.6}{\376\377\000C\000o\000n\000f\000r\000o\000n\000t\000o\000\040\000c\000o\000n\000\040\000i\000l\000\040\000M\000I\000P\000S}{chapter.7}% 90
\BOOKMARK [0][-]{chapter.8}{\376\377\000C\000l\000o\000u\000d\000-\000E\000d\000g\000e}{}% 91
\BOOKMARK [1][-]{section.8.1}{\376\377\000C\000l\000o\000u\000d\000\040\000C\000o\000m\000p\000u\000t\000i\000n\000g}{chapter.8}% 92
\BOOKMARK [2][-]{subsection.8.1.1}{\376\377\000A\000r\000c\000h\000i\000t\000e\000t\000t\000u\000r\000a\000\040\000d\000i\000\040\000u\000n\000\040\000s\000e\000r\000v\000i\000z\000i\000o\000\040\000C\000l\000o\000u\000d}{section.8.1}% 93
\BOOKMARK [2][-]{subsection.8.1.2}{\376\377\000M\000o\000d\000e\000l\000l\000i\000\040\000d\000i\000\040\000s\000e\000r\000v\000i\000z\000i\000o}{section.8.1}% 94
\BOOKMARK [2][-]{subsection.8.1.3}{\376\377\000M\000o\000d\000e\000l\000l\000i\000\040\000d\000i\000\040\000f\000o\000r\000n\000i\000t\000u\000r\000a}{section.8.1}% 95
\BOOKMARK [2][-]{subsection.8.1.4}{\376\377\000R\000i\000s\000c\000h\000i\000\040\000e\000\040\000S\000i\000c\000u\000r\000e\000z\000z\000a}{section.8.1}% 96
\BOOKMARK [1][-]{section.8.2}{\376\377\000I\000o\000T}{chapter.8}% 97
\BOOKMARK [2][-]{subsection.8.2.1}{\376\377\000A\000r\000c\000h\000i\000t\000e\000t\000t\000u\000r\000a\000\040\000d\000i\000\040\000u\000n\000\040\000s\000i\000s\000t\000e\000m\000a\000\040\000I\000o\000T}{section.8.2}% 98
\BOOKMARK [2][-]{subsection.8.2.2}{\376\377\000S\000i\000c\000u\000r\000e\000z\000z\000a}{section.8.2}% 99
\BOOKMARK [1][-]{section.8.3}{\376\377\000E\000d\000g\000e\000\040\000C\000o\000m\000p\000u\000t\000i\000n\000g}{chapter.8}% 100
\BOOKMARK [2][-]{subsection.8.3.1}{\376\377\000A\000r\000c\000h\000i\000t\000e\000t\000t\000u\000r\000a}{section.8.3}% 101
\BOOKMARK [1][-]{section.8.4}{\376\377\000F\000o\000g\000\040\000C\000o\000m\000p\000u\000t\000i\000n\000g\000\040\000\050\000c\000e\000n\000n\000i\000\051}{chapter.8}% 102
\BOOKMARK [1][-]{section.8.5}{\376\377\000V\000i\000r\000t\000u\000a\000l\000i\000z\000z\000a\000z\000i\000o\000n\000e}{chapter.8}% 103
\BOOKMARK [2][-]{subsection.8.5.1}{\376\377\000M\000a\000c\000c\000h\000i\000n\000e\000\040\000v\000i\000r\000t\000u\000a\000l\000i}{section.8.5}% 104
\BOOKMARK [2][-]{subsection.8.5.2}{\376\377\000H\000y\000p\000e\000r\000v\000i\000s\000o\000r}{section.8.5}% 105
\BOOKMARK [2][-]{subsection.8.5.3}{\376\377\000A\000r\000c\000h\000i\000t\000e\000t\000t\000u\000r\000e\000\040\000I\000n\000t\000e\000l\000\040\000x\0008\0006\000-\0006\0004}{section.8.5}% 106
\BOOKMARK [0][-]{chapter.9}{\376\377\000E\000s\000e\000r\000c\000i\000t\000a\000z\000i\000o\000n\000i}{}% 107
\BOOKMARK [1][-]{section.9.1}{\376\377\000D\000e\000b\000u\000n\000k\000\040\000e\000s\000e\000r\000c\000i\000z\000i\000\040\000P\000I\000A}{chapter.9}% 108
\BOOKMARK [2][-]{subsection.9.1.1}{\376\377\000E\000s\000e\000r\000c\000i\000z\000i\000o\000\040\0001}{section.9.1}% 109
\BOOKMARK [2][-]{subsection.9.1.2}{\376\377\000C\000o\000n\000s\000i\000d\000e\000r\000a\000z\000i\000o\000n\000i\000\040\000f\000i\000n\000a\000l\000i}{section.9.1}% 110
\BOOKMARK [1][-]{section.9.2}{\376\377\000T\000A\000S\000\040\000\050\000T\000e\000s\000t\000\040\000a\000n\000d\000\040\000S\000e\000t\000\051}{chapter.9}% 111
\BOOKMARK [2][-]{subsection.9.2.1}{\376\377\000E\000s\000e\000r\000c\000i\000z\000i\000o\000\040\0001}{section.9.2}% 112
\BOOKMARK [2][-]{subsection.9.2.2}{\376\377\000E\000s\000e\000r\000c\000i\000z\000i\000o\000\040\0002\000\040\000-\000\040\000P\000r\000o\000v\000a\000\040\000i\000n\000t\000e\000r\000c\000o\000r\000s\000o\000\040\0002\0000\0002\0003}{section.9.2}% 113
\BOOKMARK [0][-]{appendix.Alph1}{\376\377\000A\000p\000p\000e\000n\000d\000i\000c\000e}{}% 114
\BOOKMARK [1][-]{section.Alph1.1}{\376\377\000A\000s\000i\000m\000\040\000e\000\040\000A\000s\000i\000m\000t\000o\000o\000l}{appendix.Alph1}% 115
\BOOKMARK [2][-]{subsection.Alph1.1.1}{\376\377\000A\000s\000i\000m\000t\000o\000o\000l}{section.Alph1.1}% 116
\BOOKMARK [2][-]{subsection.Alph1.1.2}{\376\377\000A\000S\000I\000M}{section.Alph1.1}% 117
\BOOKMARK [2][-]{subsection.Alph1.1.3}{\376\377\000E\000s\000e\000c\000u\000z\000i\000o\000n\000e\000\040\000d\000e\000i\000\040\000p\000r\000o\000g\000r\000a\000m\000m\000i}{section.Alph1.1}% 118
\BOOKMARK [2][-]{subsection.Alph1.1.4}{\376\377\000C\000o\000n\000f\000i\000g\000u\000r\000a\000z\000i\000o\000n\000e\000\040\000\050\000f\000i\000l\000e\000\040\000.\000c\000f\000g\000\051}{section.Alph1.1}% 119
